<?xml version="1.0" encoding="UTF-8" standalone="yes" ?>
<test-results name="D:\2.2 GitHub Adriano Santos\MultiDialog4FMX\Tests\Win32\Debug\MultiDialog4FMX.Tests.exe" total="49" errors="0" failures="0" ignored="0" inconclusive="0" not-run="0" skipped="0" invalid="0" date="2026-03-11" time="1.081">
  <culture-info current-culture="en" current-uiculture="en" />
  <test-suite type="Assembly" name="MultiDialog4FMX.Tests.exe" executed="true" result="Success" success="True" time="1.081" asserts="0">
    <results>
        <test-suite type="Namespace" name="MultiDialog4FMX" executed="true" result="Success" success="True" time="1.076" asserts="0" >
          <results>
              <test-suite type="Namespace" name="Tests" executed="true" result="Success" success="True" time="1.076" asserts="0" >
                <results>
                    <test-suite type="Namespace" name="Android" executed="true" result="Success" success="True" time="1.053" asserts="0" >
                      <results>
                          <test-suite type="Fixture" name="TAndroidDialogCloseTests" executed="True" result="Success" success="True" time="0.004" >
                            <results>
                              <test-case name="TestButtonClick_CallsHandlerAndClearsTagObject" executed="True" result="Success" success="True" time="0.000" asserts="0" />
                              <test-case name="TestButtonClick_WhenHandlerRaises_OverlayIsStillFreed" executed="True" result="Success" success="True" time="0.000" asserts="0" />
                              <test-case name="TestCloseDialog_FreesAllRemainingTagObjects" executed="True" result="Success" success="True" time="0.000" asserts="0" />
                            </results>
                          </test-suite>
                          <test-suite type="Fixture" name="TAndroidDialogLayoutTests" executed="True" result="Success" success="True" time="0.881" >
                            <results>
                              <test-case name="TestBuildOverlay_HasContentsAlign" executed="True" result="Success" success="True" time="0.190" asserts="0" />
                              <test-case name="TestBuildDialogRect_WidthIsCorrect" executed="True" result="Success" success="True" time="0.052" asserts="0" />
                              <test-case name="TestBuildButtons_ChildCountMatchesHandlers" executed="True" result="Success" success="True" time="0.066" asserts="0" />
                              <test-case name="TestInternalShow_SubMethodsRun_FBtnLayoutAssigned" executed="True" result="Success" success="True" time="0.049" asserts="0" />
                              <test-case name="TestCalculateFinalHeight_WithTitle_GreaterThanWithout" executed="True" result="Success" success="True" time="0.000" asserts="0" />
                              <test-case name="TestBuildDialogRect_UsesBorderRadius" executed="True" result="Success" success="True" time="0.067" asserts="0" />
                              <test-case name="TestBuildBody_UsesFontSize" executed="True" result="Success" success="True" time="0.443" asserts="0" />
                            </results>
                          </test-suite>
                          <test-suite type="Fixture" name="TAndroidDialogTests" executed="True" result="Success" success="True" time="0.168" >
                            <results>
                              <test-case name="TestCalculateMessageHeight_ShortText" executed="True" result="Success" success="True" time="0.000" asserts="0" />
                              <test-case name="TestCalculateMessageHeight_LongText" executed="True" result="Success" success="True" time="0.000" asserts="0" />
                              <test-case name="TestCalculateMessageHeight_MultiLine" executed="True" result="Success" success="True" time="0.000" asserts="0" />
                              <test-case name="TestCalculateMessageHeight_EmptyText" executed="True" result="Success" success="True" time="0.000" asserts="0" />
                              <test-case name="TestResolveParentForm_WithExplicitForm" executed="True" result="Success" success="True" time="0.055" asserts="0" />
                              <test-case name="TestResolveParentForm_WithNilForm" executed="True" result="Success" success="True" time="0.000" asserts="0" />
                              <test-case name="TestInternalShow_RequiresMinimumOneButton" executed="True" result="Success" success="True" time="0.053" asserts="0" />
                              <test-case name="TestInternalShow_EnforcesMaximumFourButtons" executed="True" result="Success" success="True" time="0.051" asserts="0" />
                              <test-case name="TestInternalShow_TwoButtonsNoHandler_NoValidationException" executed="True" result="Success" success="True" time="0.000" asserts="0" />
                            </results>
                          </test-suite>
                      </results>
                    </test-suite>
                    <test-suite type="Fixture" name="TDialogBuilderTests" executed="True" result="Success" success="True" time="0.009" >
                      <results>
                        <test-case name="TestSetTitle_StoresValue" executed="True" result="Success" success="True" time="0.000" asserts="0" />
                        <test-case name="TestSetMessage_StoresValue" executed="True" result="Success" success="True" time="0.000" asserts="0" />
                        <test-case name="TestSetCancelable_True" executed="True" result="Success" success="True" time="0.000" asserts="0" />
                        <test-case name="TestSetCancelable_False" executed="True" result="Success" success="True" time="0.000" asserts="0" />
                        <test-case name="TestFluentChaining_Multiple" executed="True" result="Success" success="True" time="0.000" asserts="0" />
                        <test-case name="TestButtons_ReturnsButtonsBuilder" executed="True" result="Success" success="True" time="0.000" asserts="0" />
                        <test-case name="TestButtonsEnd_ReturnsDialogBuilder" executed="True" result="Success" success="True" time="0.000" asserts="0" />
                        <test-case name="TestShow_CallsInternalShow" executed="True" result="Success" success="True" time="0.000" asserts="0" />
                        <test-case name="TestSetType_StoresValue" executed="True" result="Success" success="True" time="0.000" asserts="0" />
                        <test-case name="TestShow_ReturnsDialogBuilder" executed="True" result="Success" success="True" time="0.000" asserts="0" />
                        <test-case name="TestSetFontSize_StoresValue" executed="True" result="Success" success="True" time="0.000" asserts="0" />
                        <test-case name="TestSetBorderRadius_StoresValue" executed="True" result="Success" success="True" time="0.000" asserts="0" />
                      </results>
                    </test-suite>
                    <test-suite type="Fixture" name="TButtonTests" executed="True" result="Success" success="True" time="0.007" >
                      <results>
                        <test-case name="TestAddButton_WithNotifyEvent" executed="True" result="Success" success="True" time="0.000" asserts="0" />
                        <test-case name="TestAddButton_WithAnonymousMethod" executed="True" result="Success" success="True" time="0.000" asserts="0" />
                        <test-case name="TestAddButton_WithTapEvent" executed="True" result="Success" success="True" time="0.000" asserts="0" />
                        <test-case name="TestAddButton_WithoutHandler" executed="True" result="Success" success="True" time="0.000" asserts="0" />
                        <test-case name="TestAddButton_WithColor" executed="True" result="Success" success="True" time="0.000" asserts="0" />
                        <test-case name="TestAddButton_WithStyleLookup" executed="True" result="Success" success="True" time="0.000" asserts="0" />
                        <test-case name="TestAddButton_MaximumFourButtons" executed="True" result="Success" success="True" time="0.000" asserts="0" />
                        <test-case name="TestAddButton_ExceedsMaximum_RaisesException" executed="True" result="Success" success="True" time="0.002" asserts="0" />
                        <test-case name="TestButtonHandler_StoresCorrectData" executed="True" result="Success" success="True" time="0.000" asserts="0" />
                      </results>
                    </test-suite>
                    <test-suite type="Fixture" name="TFactoryTests" executed="True" result="Success" success="True" time="0.004" >
                      <results>
                        <test-case name="TestCreateDialog_ReturnsNonNil" executed="True" result="Success" success="True" time="0.000" asserts="0" />
                        <test-case name="TestCreateDialog_ReturnsIDialogBuilder" executed="True" result="Success" success="True" time="0.000" asserts="0" />
                        <test-case name="TestCreateDialog_CanChainMethods" executed="True" result="Success" success="True" time="0.000" asserts="0" />
                        <test-case name="TestCreateDialog_UnsupportedPlatform_RaisesException" executed="True" result="Success" success="True" time="0.000" asserts="0" />
                      </results>
                    </test-suite>
                    <test-suite type="Fixture" name="TMemoryLeakTests" executed="True" result="Success" success="True" time="0.003" >
                      <results>
                        <test-case name="TestDialogCreation_NoMemoryLeak" executed="True" result="Success" success="True" time="0.000" asserts="0" />
                        <test-case name="TestButtonHandler_ProperlyDestroyed" executed="True" result="Success" success="True" time="0.000" asserts="0" />
                        <test-case name="TestMultipleButtons_NoMemoryLeak" executed="True" result="Success" success="True" time="0.000" asserts="0" />
                        <test-case name="TestAnonymousMethod_NoMemoryLeak" executed="True" result="Success" success="True" time="0.000" asserts="0" />
                        <test-case name="TestButtonHandlerList_ClearsOnDestroy" executed="True" result="Success" success="True" time="0.000" asserts="0" />
                      </results>
                    </test-suite>
                </results>
              </test-suite>
          </results>
        </test-suite>
    </results>
  </test-suite>
</test-results>
